<?xml version="1.0" encoding="UTF-8"?>
<!-- Generated by org.testng.reporters.JUnitReportReporter -->
<testsuite hostname="EPAMYERW021B" failures="0" tests="3" name="TestAmazon" time="29.872" errors="0" timestamp="2022-10-07T15:16:34 AMT" skipped="0">
  <testcase classname="TestAmazon" name="CheckPaginationAndHoveringOnBestSeller" time="11.349"/>
  <system-out/>
  <testcase classname="TestAmazon" name="testForCheckAllRatings" time="13.195"/>
  <system-out/>
  <testcase classname="TestAmazon" name="testForChoosingAmazonCategory" time="5.328"/>
  <system-out/>
</testsuite> <!-- TestAmazon -->
